Arguments: 
  /usr/bin/node /usr/bin/yarn add express cors body-parser mongoose

PATH: 
  /home/engine259/.local/bin:/usr/local/bin:/usr/local/sbin:/usr/bin:/usr/lib/jvm/default/bin:/usr/bin/site_perl:/usr/bin/vendor_perl:/usr/bin/core_perl:/var/lib/snapd/snap/bin:/home/engine259/Android/Sdk/emulator:/home/engine259/Android/Sdk/tools:/home/engine259/Android/Sdk/tools/bin:/home/engine259/Android/Sdk/platform-tools

Yarn version: 
  1.22.10

Node version: 
  15.4.0

Platform: 
  linux x64

Trace: 
  Error: getaddrinfo ENOTFOUND registry.yarnpkg.com
      at GetAddrInfoReqWrap.onlookup [as oncomplete] (node:dns:67:26)

npm manifest: 
  {
    "name": "sbkproject",
    "version": "1.0.0",
    "main": "index.js",
    "license": "MIT"
  }

yarn manifest: 
  No manifest

Lockfile: 
  No lockfile
